--------------------------------------+
s. . . . . . . . . . . . . . . . . . .|
r. . . . . . . . . . . . . . . . . . .|
q. . . . . . . . . . . . . . . . . . .|
p. . . . . . . . . . . . . . . . . . .|
o. . . . . . . . . . . . . . . . . . .|
n. . . . . . . . . . . . . . . . . . .|
m. . . . . . . . . . . . . . . . . . .|
l. . . . . . . . . . . . . . . . . . .|
k. . . . . . . . . . . . . . . . . . .|
j. . . . . . . . . . . . . . . . . . .|
i. . . . . . . . . . . . . . . . . . .|
h. . . . . . . . . . . . . . . . . . .|
g. . . . . . . . . . . . . . . . . . .|
f. . . . . . . . . . . . . . . . . . .|
e. . . . . . . . . . . . . . . . . . .|
d. . . . . . . . . . . . . . . . . . .|
c. . . . . . . . . . . . . . . . . . .|
b. . . . . . . . . . . . . . . . . . .|
a. . . . . . . . . . . . . . . . . . .|
 A B C D E F G H I J K L M N O P Q R S|
gracz X
--------------------------------------+
s. . . . . . . . . . . . . . . . . . .|
r. . . . . . . . . . . . . . . . . . .|
q. . . . . . . . . . . . . . . . . . .|
p. . . . . . . . . . . . . . . . . . .|
o. . . . . . . . . . . . . . . . . . .|
n. . . . . . . . . . . . . . . . . . .|
m. . . . . . . . . . . . . . . . . . .|
l. . . . . . . . . . . . . . . . . . .|
k. . . . . . . . . . . . . . . . . . .|
j. . . . . . . . . . . . . . . . . . .|
i. . . . . . . . . . . . . . . . . . .|
h. . . . . . . . . . . . . . . . . . .|
g. . . . . . . . . . . . . . . . . . .|
f. . . . . . . . . . . . . . . . . . .|
e. . . . . . . . . . . . . . . . . . .|
d. . . . . . . . . . . . . . . . . . .|
c. . . . . . . . . . . . . . . . . . .|
b. . . . . . . . . . . . . . . . . . .|
aX . . . . . . . . . . . . . . . . . .|
 A B C D E F G H I J K L M N O P Q R S|
gracz O
--------------------------------------+
s. . . . . . . . . . . . . . . . . . .|
r. . . . . . . . . . . . . . . . . . .|
q. . . . . . . . . . . . . . . . . . .|
p. . . . . . . . . . . . . . . . . . .|
o. . . . . . . . . . . . . . . . . . .|
n. . . . . . . . . . . . . . . . . . .|
m. . . . . . . . . . . . . . . . . . .|
l. . . . . . . . . . . . . . . . . . .|
k. . . . . . . . . . . . . . . . . . .|
j. . . . . . . . . . . . . . . . . . .|
i. . . . . . . . . . . . . . . . . . .|
h. . . . . . . . . . . . . . . . . . .|
g. . . . . . . . . . . . . . . . . . .|
f. . . . . . . . . . . . . . . . . . .|
e. . . . . . . . . . . . . . . . . . .|
d. . . . . . . . . . . . . . . . . . .|
c. . . . . . . . . . . . . . . . . . .|
b. O O . . . . . . . . . . . . . . . .|
aX . . . . . . . . . . . . . . . . . .|
 A B C D E F G H I J K L M N O P Q R S|
gracz X
--------------------------------------+
s. . . . . . . . . . . . . . . . . . .|
r. . . . . . . . . . . . . . . . . . .|
q. . . . . . . . . . . . . . . . . . .|
p. . . . . . . . . . . . . . . . . . .|
o. . . . . . . . . . . . . . . . . . .|
n. . . . . . . . . . . . . . . . . . .|
m. . . . . . . . . . . . . . . . . . .|
l. . . . . . . . . . . . . . . . . . .|
k. . . . . . . . . . . . . . . . . . .|
j. . . . . . . . . . . . . . . . . . .|
i. . . . . . . . . . . . . . . . . . .|
h. . . . . . . . . . . . . . . . . . .|
g. . . . . . . . . . . . . . . . . . .|
f. . . . . . . . . . . . . . . . . . .|
e. . . . . . . . . . . . . . . . . . .|
d. . . . . . . . . . . . . . . . . . .|
c. . . . . . . . . . . . . . . . . . .|
b. O O X X . . . . . . . . . . . . . .|
aX . . . . . . . . . . . . . . . . . .|
 A B C D E F G H I J K L M N O P Q R S|
gracz O
--------------------------------------+
s. . . . . . . . . . . . . . . . . . .|
r. . . . . . . . . . . . . . . . . . .|
q. . . . . . . . . . . . . . . . . . .|
p. . . . . . . . . . . . . . . . . . .|
o. . . . . . . . . . . . . . . . . . .|
n. . . . . . . . . . . . . . . . . . .|
m. . . . . . . . . . . . . . . . . . .|
l. . . . . . . . . . . . . . . . . . .|
k. . . . . . . . . . . . . . . . . . .|
j. . . . . . . . . . . . . . . . . . .|
i. . . . . . . . . . . . . . . . . . .|
h. . . . . . . . . . . . . . . . . . .|
g. . . . . . . . . . . . . . . . . . .|
f. . . . . . . . . . . . . . . . . . .|
e. . . . . . . . . . . . . . . . . . .|
d. . . . . . . . . . . . . . . . . . .|
c. . . . . . . . . . . . . . . . . . .|
b. O O X X O O . . . . . . . . . . . .|
aX . . . . . . . . . . . . . . . . . .|
 A B C D E F G H I J K L M N O P Q R S|
gracz X
--------------------------------------+
s. . . . . . . . . . . . . . . . . . .|
r. . . . . . . . . . . . . . . . . . .|
q. . . . . . . . . . . . . . . . . . .|
p. . . . . . . . . . . . . . . . . . .|
o. . . . . . . . . . . . . . . . . . .|
n. . . . . . . . . . . . . . . . . . .|
m. . . . . . . . . . . . . . . . . . .|
l. . . . . . . . . . . . . . . . . . .|
k. . . . . . . . . . . . . . . . . . .|
j. . . . . . . . . . . . . . . . . . .|
i. . . . . . . . . . . . . . . . . . .|
h. . . . . . . . . . . . . . . . . . .|
g. . . . . . . . . . . . . . . . . . .|
f. . . . . . . . . . . . . . . . . . .|
e. . . . . . . . . . . . . . . . . . .|
d. . . . . . . . . . . . . . . . . . .|
c. . . . . . . . . . . . . . . . . . .|
b. O O X X O O X X . . . . . . . . . .|
aX . . . . . . . . . . . . . . . . . .|
 A B C D E F G H I J K L M N O P Q R S|
gracz O
--------------------------------------+
s. . . . . . . . . . . . . . . . . . .|
r. . . . . . . . . . . . . . . . . . .|
q. . . . . . . . . . . . . . . . . . .|
p. . . . . . . . . . . . . . . . . . .|
o. . . . . . . . . . . . . . . . . . .|
n. . . . . . . . . . . . . . . . . . .|
m. . . . . . . . . . . . . . . . . . .|
l. . . . . . . . . . . . . . . . . . .|
k. . . . . . . . . . . . . . . . . . .|
j. . . . . . . . . . . . . . . . . . .|
i. . . . . . . . . . . . . . . . . . .|
h. . . . . . . . . . . . . . . . . . .|
g. . . . . . . . . . . . . . . . . . .|
f. . . . . . . . . . . . . . . . . . .|
e. . . . . . . . . . . . . . . . . . .|
d. . . . . . . . . . . . . . . . . . .|
c. . . . . . . . . . . . . . . . . . .|
b. O O X X O O X X O O . . . . . . . .|
aX . . . . . . . . . . . . . . . . . .|
 A B C D E F G H I J K L M N O P Q R S|
gracz X
--------------------------------------+
s. . . . . . . . . . . . . . . . . . .|
r. . . . . . . . . . . . . . . . . . .|
q. . . . . . . . . . . . . . . . . . .|
p. . . . . . . . . . . . . . . . . . .|
o. . . . . . . . . . . . . . . . . . .|
n. . . . . . . . . . . . . . . . . . .|
m. . . . . . . . . . . . . . . . . . .|
l. . . . . . . . . . . . . . . . . . .|
k. . . . . . . . . . . . . . . . . . .|
j. . . . . . . . . . . . . . . . . . .|
i. . . . . . . . . . . . . . . . . . .|
h. . . . . . . . . . . . . . . . . . .|
g. . . . . . . . . . . . . . . . . . .|
f. . . . . . . . . . . . . . . . . . .|
e. . . . . . . . . . . . . . . . . . .|
d. . . . . . . . . . . . . . . . . . .|
c. . . . . . . . . . . . . . . . . . .|
b. O O X X O O X X O O X X . . . . . .|
aX . . . . . . . . . . . . . . . . . .|
 A B C D E F G H I J K L M N O P Q R S|
gracz O
--------------------------------------+
s. . . . . . . . . . . . . . . . . . .|
r. . . . . . . . . . . . . . . . . . .|
q. . . . . . . . . . . . . . . . . . .|
p. . . . . . . . . . . . . . . . . . .|
o. . . . . . . . . . . . . . . . . . .|
n. . . . . . . . . . . . . . . . . . .|
m. . . . . . . . . . . . . . . . . . .|
l. . . . . . . . . . . . . . . . . . .|
k. . . . . . . . . . . . . . . . . . .|
j. . . . . . . . . . . . . . . . . . .|
i. . . . . . . . . . . . . . . . . . .|
h. . . . . . . . . . . . . . . . . . .|
g. . . . . . . . . . . . . . . . . . .|
f. . . . . . . . . . . . . . . . . . .|
e. . . . . . . . . . . . . . . . . . .|
d. . . . . . . . . . . . . . . . . . .|
c. . . . . . . . . . . . . . . . . . .|
b. O O X X O O X X O O X X O O . . . .|
aX . . . . . . . . . . . . . . . . . .|
 A B C D E F G H I J K L M N O P Q R S|
gracz X
--------------------------------------+
s. . . . . . . . . . . . . . . . . . .|
r. . . . . . . . . . . . . . . . . . .|
q. . . . . . . . . . . . . . . . . . .|
p. . . . . . . . . . . . . . . . . . .|
o. . . . . . . . . . . . . . . . . . .|
n. . . . . . . . . . . . . . . . . . .|
m. . . . . . . . . . . . . . . . . . .|
l. . . . . . . . . . . . . . . . . . .|
k. . . . . . . . . . . . . . . . . . .|
j. . . . . . . . . . . . . . . . . . .|
i. . . . . . . . . . . . . . . . . . .|
h. . . . . . . . . . . . . . . . . . .|
g. . . . . . . . . . . . . . . . . . .|
f. . . . . . . . . . . . . . . . . . .|
e. . . . . . . . . . . . . . . . . . .|
d. . . . . . . . . . . . . . . . . . .|
c. . . . . . . . . . . . . . . . . . .|
b. O O X X O O X X O O X X O O X X . .|
aX . . . . . . . . . . . . . . . . . .|
 A B C D E F G H I J K L M N O P Q R S|
gracz O
--------------------------------------+
s. . . . . . . . . . . . . . . . . . .|
r. . . . . . . . . . . . . . . . . . .|
q. . . . . . . . . . . . . . . . . . .|
p. . . . . . . . . . . . . . . . . . .|
o. . . . . . . . . . . . . . . . . . .|
n. . . . . . . . . . . . . . . . . . .|
m. . . . . . . . . . . . . . . . . . .|
l. . . . . . . . . . . . . . . . . . .|
k. . . . . . . . . . . . . . . . . . .|
j. . . . . . . . . . . . . . . . . . .|
i. . . . . . . . . . . . . . . . . . .|
h. . . . . . . . . . . . . . . . . . .|
g. . . . . . . . . . . . . . . . . . .|
f. . . . . . . . . . . . . . . . . . .|
e. . . . . . . . . . . . . . . . . . .|
d. . . . . . . . . . . . . . . . . . .|
c. . . . . . . . . . . . . . . . . . .|
b. O O X X O O X X O O X X O O X X O O|
aX . . . . . . . . . . . . . . . . . .|
 A B C D E F G H I J K L M N O P Q R S|
gracz X
--------------------------------------+
s. . . . . . . . . . . . . . . . . . .|
r. . . . . . . . . . . . . . . . . . .|
q. . . . . . . . . . . . . . . . . . .|
p. . . . . . . . . . . . . . . . . . .|
o. . . . . . . . . . . . . . . . . . .|
n. . . . . . . . . . . . . . . . . . .|
m. . . . . . . . . . . . . . . . . . .|
l. . . . . . . . . . . . . . . . . . .|
k. . . . . . . . . . . . . . . . . . .|
j. . . . . . . . . . . . . . . . . . .|
i. . . . . . . . . . . . . . . . . . .|
h. . . . . . . . . . . . . . . . . . .|
g. . . . . . . . . . . . . . . . . . .|
f. . . . . . . . . . . . . . . . . . .|
e. . . . . . . . . . . . . . . . . . .|
d. X X . . . . . . . . . . . . . . . .|
c. . . . . . . . . . . . . . . . . . .|
b. O O X X O O X X O O X X O O X X O O|
aX . . . . . . . . . . . . . . . . . .|
 A B C D E F G H I J K L M N O P Q R S|
gracz O
--------------------------------------+
s. . . . . . . . . . . . . . . . . . .|
r. . . . . . . . . . . . . . . . . . .|
q. . . . . . . . . . . . . . . . . . .|
p. . . . . . . . . . . . . . . . . . .|
o. . . . . . . . . . . . . . . . . . .|
n. . . . . . . . . . . . . . . . . . .|
m. . . . . . . . . . . . . . . . . . .|
l. . . . . . . . . . . . . . . . . . .|
k. . . . . . . . . . . . . . . . . . .|
j. . . . . . . . . . . . . . . . . . .|
i. . . . . . . . . . . . . . . . . . .|
h. . . . . . . . . . . . . . . . . . .|
g. . . . . . . . . . . . . . . . . . .|
f. . . . . . . . . . . . . . . . . . .|
e. . . . . . . . . . . . . . . . . . .|
d. X X O O . . . . . . . . . . . . . .|
c. . . . . . . . . . . . . . . . . . .|
b. O O X X O O X X O O X X O O X X O O|
aX . . . . . . . . . . . . . . . . . .|
 A B C D E F G H I J K L M N O P Q R S|
gracz X
--------------------------------------+
s. . . . . . . . . . . . . . . . . . .|
r. . . . . . . . . . . . . . . . . . .|
q. . . . . . . . . . . . . . . . . . .|
p. . . . . . . . . . . . . . . . . . .|
o. . . . . . . . . . . . . . . . . . .|
n. . . . . . . . . . . . . . . . . . .|
m. . . . . . . . . . . . . . . . . . .|
l. . . . . . . . . . . . . . . . . . .|
k. . . . . . . . . . . . . . . . . . .|
j. . . . . . . . . . . . . . . . . . .|
i. . . . . . . . . . . . . . . . . . .|
h. . . . . . . . . . . . . . . . . . .|
g. . . . . . . . . . . . . . . . . . .|
f. . . . . . . . . . . . . . . . . . .|
e. . . . . . . . . . . . . . . . . . .|
d. X X O O X X . . . . . . . . . . . .|
c. . . . . . . . . . . . . . . . . . .|
b. O O X X O O X X O O X X O O X X O O|
aX . . . . . . . . . . . . . . . . . .|
 A B C D E F G H I J K L M N O P Q R S|
gracz O
--------------------------------------+
s. . . . . . . . . . . . . . . . . . .|
r. . . . . . . . . . . . . . . . . . .|
q. . . . . . . . . . . . . . . . . . .|
p. . . . . . . . . . . . . . . . . . .|
o. . . . . . . . . . . . . . . . . . .|
n. . . . . . . . . . . . . . . . . . .|
m. . . . . . . . . . . . . . . . . . .|
l. . . . . . . . . . . . . . . . . . .|
k. . . . . . . . . . . . . . . . . . .|
j. . . . . . . . . . . . . . . . . . .|
i. . . . . . . . . . . . . . . . . . .|
h. . . . . . . . . . . . . . . . . . .|
g. . . . . . . . . . . . . . . . . . .|
f. . . . . . . . . . . . . . . . . . .|
e. . . . . . . . . . . . . . . . . . .|
d. X X O O X X O O . . . . . . . . . .|
c. . . . . . . . . . . . . . . . . . .|
b. O O X X O O X X O O X X O O X X O O|
aX . . . . . . . . . . . . . . . . . .|
 A B C D E F G H I J K L M N O P Q R S|
gracz X
--------------------------------------+
s. . . . . . . . . . . . . . . . . . .|
r. . . . . . . . . . . . . . . . . . .|
q. . . . . . . . . . . . . . . . . . .|
p. . . . . . . . . . . . . . . . . . .|
o. . . . . . . . . . . . . . . . . . .|
n. . . . . . . . . . . . . . . . . . .|
m. . . . . . . . . . . . . . . . . . .|
l. . . . . . . . . . . . . . . . . . .|
k. . . . . . . . . . . . . . . . . . .|
j. . . . . . . . . . . . . . . . . . .|
i. . . . . . . . . . . . . . . . . . .|
h. . . . . . . . . . . . . . . . . . .|
g. . . . . . . . . . . . . . . . . . .|
f. . . . . . . . . . . . . . . . . . .|
e. . . . . . . . . . . . . . . . . . .|
d. X X O O X X O O X X . . . . . . . .|
c. . . . . . . . . . . . . . . . . . .|
b. O O X X O O X X O O X X O O X X O O|
aX . . . . . . . . . . . . . . . . . .|
 A B C D E F G H I J K L M N O P Q R S|
gracz O
--------------------------------------+
s. . . . . . . . . . . . . . . . . . .|
r. . . . . . . . . . . . . . . . . . .|
q. . . . . . . . . . . . . . . . . . .|
p. . . . . . . . . . . . . . . . . . .|
o. . . . . . . . . . . . . . . . . . .|
n. . . . . . . . . . . . . . . . . . .|
m. . . . . . . . . . . . . . . . . . .|
l. . . . . . . . . . . . . . . . . . .|
k. . . . . . . . . . . . . . . . . . .|
j. . . . . . . . . . . . . . . . . . .|
i. . . . . . . . . . . . . . . . . . .|
h. . . . . . . . . . . . . . . . . . .|
g. . . . . . . . . . . . . . . . . . .|
f. . . . . . . . . . . . . . . . . . .|
e. . . . . . . . . . . . . . . . . . .|
d. X X O O X X O O X X O O . . . . . .|
c. . . . . . . . . . . . . . . . . . .|
b. O O X X O O X X O O X X O O X X O O|
aX . . . . . . . . . . . . . . . . . .|
 A B C D E F G H I J K L M N O P Q R S|
gracz X
--------------------------------------+
s. . . . . . . . . . . . . . . . . . .|
r. . . . . . . . . . . . . . . . . . .|
q. . . . . . . . . . . . . . . . . . .|
p. . . . . . . . . . . . . . . . . . .|
o. . . . . . . . . . . . . . . . . . .|
n. . . . . . . . . . . . . . . . . . .|
m. . . . . . . . . . . . . . . . . . .|
l. . . . . . . . . . . . . . . . . . .|
k. . . . . . . . . . . . . . . . . . .|
j. . . . . . . . . . . . . . . . . . .|
i. . . . . . . . . . . . . . . . . . .|
h. . . . . . . . . . . . . . . . . . .|
g. . . . . . . . . . . . . . . . . . .|
f. . . . . . . . . . . . . . . . . . .|
e. . . . . . . . . . . . . . . . . . .|
d. X X O O X X O O X X O O X X . . . .|
c. . . . . . . . . . . . . . . . . . .|
b. O O X X O O X X O O X X O O X X O O|
aX . . . . . . . . . . . . . . . . . .|
 A B C D E F G H I J K L M N O P Q R S|
gracz O
--------------------------------------+
s. . . . . . . . . . . . . . . . . . .|
r. . . . . . . . . . . . . . . . . . .|
q. . . . . . . . . . . . . . . . . . .|
p. . . . . . . . . . . . . . . . . . .|
o. . . . . . . . . . . . . . . . . . .|
n. . . . . . . . . . . . . . . . . . .|
m. . . . . . . . . . . . . . . . . . .|
l. . . . . . . . . . . . . . . . . . .|
k. . . . . . . . . . . . . . . . . . .|
j. . . . . . . . . . . . . . . . . . .|
i. . . . . . . . . . . . . . . . . . .|
h. . . . . . . . . . . . . . . . . . .|
g. . . . . . . . . . . . . . . . . . .|
f. . . . . . . . . . . . . . . . . . .|
e. . . . . . . . . . . . . . . . . . .|
d. X X O O X X O O X X O O X X O O . .|
c. . . . . . . . . . . . . . . . . . .|
b. O O X X O O X X O O X X O O X X O O|
aX . . . . . . . . . . . . . . . . . .|
 A B C D E F G H I J K L M N O P Q R S|
gracz X
--------------------------------------+
s. . . . . . . . . . . . . . . . . . .|
r. . . . . . . . . . . . . . . . . . .|
q. . . . . . . . . . . . . . . . . . .|
p. . . . . . . . . . . . . . . . . . .|
o. . . . . . . . . . . . . . . . . . .|
n. . . . . . . . . . . . . . . . . . .|
m. . . . . . . . . . . . . . . . . . .|
l. . . . . . . . . . . . . . . . . . .|
k. . . . . . . . . . . . . . . . . . .|
j. . . . . . . . . . . . . . . . . . .|
i. . . . . . . . . . . . . . . . . . .|
h. . . . . . . . . . . . . . . . . . .|
g. . . . . . . . . . . . . . . . . . .|
f. . . . . . . . . . . . . . . . . . .|
e. . . . . . . . . . . . . . . . . . .|
d. X X O O X X O O X X O O X X O O X X|
c. . . . . . . . . . . . . . . . . . .|
b. O O X X O O X X O O X X O O X X O O|
aX . . . . . . . . . . . . . . . . . .|
 A B C D E F G H I J K L M N O P Q R S|
gracz O
--------------------------------------+
s. . . . . . . . . . . . . . . . . . .|
r. . . . . . . . . . . . . . . . . . .|
q. . . . . . . . . . . . . . . . . . .|
p. . . . . . . . . . . . . . . . . . .|
o. . . . . . . . . . . . . . . . . . .|
n. . . . . . . . . . . . . . . . . . .|
m. . . . . . . . . . . . . . . . . . .|
l. . . . . . . . . . . . . . . . . . .|
k. . . . . . . . . . . . . . . . . . .|
j. . . . . . . . . . . . . . . . . . .|
i. . . . . . . . . . . . . . . . . . .|
h. . . . . . . . . . . . . . . . . . .|
g. . . . . . . . . . . . . . . . . . .|
f. . O . O . . . . . . . . . . . . . .|
e. . . . . . . . . . . . . . . . . . .|
d. X X O O X X O O X X O O X X O O X X|
c. . . . . . . . . . . . . . . . . . .|
b. O O X X O O X X O O X X O O X X O O|
aX . . . . . . . . . . . . . . . . . .|
 A B C D E F G H I J K L M N O P Q R S|
gracz X
--------------------------------------+
s. . . . . . . . . . . . . . . . . . .|
r. . . . . . . . . . . . . . . . . . .|
q. . . . . . . . . . . . . . . . . . .|
p. . . . . . . . . . . . . . . . . . .|
o. . . . . . . . . . . . . . . . . . .|
n. . . . . . . . . . . . . . . . . . .|
m. . . . . . . . . . . . . . . . . . .|
l. . . . . . . . . . . . . . . . . . .|
k. . . . . . . . . . . . . . . . . . .|
j. . . . . . . . . . . . . . . . . . .|
i. . . . . . . . . . . . . . . . . . .|
h. . . . . . . . . . . . . . . . . . .|
g. . . . . . . . . . . . . . . . . . .|
f. . O . O . . . . . . . . . . . . . .|
e. . . . . . . . . . . . . . . . . . .|
d. X X O O X X O O X X O O X X O O X X|
c. . . . . . . . . . . . . . . . . . .|
b. O O X X O O X X O O X X O O X X O O|
aX . . . . . . . . . . . . . . . . . .|
 A B C D E F G H I J K L M N O P Q R S|
gracz X
--------------------------------------+
s. . . . . . . . . . . . . . . . . . .|
r. . . . . . . . . . . . . . . . . . .|
q. . . . . . . . . . . . . . . . . . .|
p. . . . . . . . . . . . . . . . . . .|
o. . . . . . . . . . . . . . . . . . .|
n. . . . . . . . . . . . . . . . . . .|
m. . . . . . . . . . . . . . . . . . .|
l. . . . . . . . . . . . . . . . . . .|
k. . . . . . . . . . . . . . . . . . .|
j. . . . . . . . . . . . . . . . . . .|
i. . . . . . . . . . . . . . . . . . .|
h. . . . . . . . . . . . . . . . . . .|
g. . . . . . . . . . . . . . . . . . .|
f. . O . O . X . X . . . . . . . . . .|
e. . . . . . . . . . . . . . . . . . .|
d. X X O O X X O O X X O O X X O O X X|
c. . . . . . . . . . . . . . . . . . .|
b. O O X X O O X X O O X X O O X X O O|
aX . . . . . . . . . . . . . . . . . .|
 A B C D E F G H I J K L M N O P Q R S|
gracz O
--------------------------------------+
s. . . . . . . . . . . . . . . . . . .|
r. . . . . . . . . . . . . . . . . . .|
q. . . . . . . . . . . . . . . . . . .|
p. . . . . . . . . . . . . . . . . . .|
o. . . . . . . . . . . . . . . . . . .|
n. . . . . . . . . . . . . . . . . . .|
m. . . . . . . . . . . . . . . . . . .|
l. . . . . . . . . . . . . . . . . . .|
k. . . . . . . . . . . . . . . . . . .|
j. . . . . . . . . . . . . . . . . . .|
i. . . . . . . . . . . . . . . . . . .|
h. . . . . . . . . . . . . . . . . . .|
g. . . . . . . . . . . . . . . . . . .|
f. . O . O . X . X . . . . . . . . . .|
e. . . . . . . . . . . . . . . . . . .|
d. X X O O X X O O X X O O X X O O X X|
c. . . . . . . . . . . . . . . . . . .|
b. O O X X O O X X O O X X O O X X O O|
aX . . . . . . . . . . . . . . . . . .|
 A B C D E F G H I J K L M N O P Q R S|
gracz O
--------------------------------------+
s. . . . . . . . . . . . . . . . . . .|
r. . . . . . . . . . . . . . . . . . .|
q. . . . . . . . . . . . . . . . . . .|
p. . . . . . . . . . . . . . . . . . .|
o. . . . . . . . . . . . . . . . . . .|
n. . . . . . . . . . . . . . . . . . .|
m. . . . . . . . . . . . . . . . . . .|
l. . . . . . . . . . . . . . . . . . .|
k. . . . . . . . . . . . . . . . . . .|
j. . . . . . . . . . . . . . . . . . .|
i. . . . . . . . . . . . . . . . . . .|
h. . . . . . . . . . . . . . . . . . .|
g. . . . . . . . . . . . . . . . . . .|
f. . O . O . X . X . O . O . . . . . .|
e. . . . . . . . . . . . . . . . . . .|
d. X X O O X X O O X X O O X X O O X X|
c. . . . . . . . . . . . . . . . . . .|
b. O O X X O O X X O O X X O O X X O O|
aX . . . . . . . . . . . . . . . . . .|
 A B C D E F G H I J K L M N O P Q R S|
gracz X
--------------------------------------+
s. . . . . . . . . . . . . . . . . . .|
r. . . . . . . . . . . . . . . . . . .|
q. . . . . . . . . . . . . . . . . . .|
p. . . . . . . . . . . . . . . . . . .|
o. . . . . . . . . . . . . . . . . . .|
n. . . . . . . . . . . . . . . . . . .|
m. . . . . . . . . . . . . . . . . . .|
l. . . . . . . . . . . . . . . . . . .|
k. . . . . . . . . . . . . . . . . . .|
j. . . . . . . . . . . . . . . . . . .|
i. . . . . . . . . . . . . . . . . . .|
h. . . . . . . . . . . . . . . . . . .|
g. . . . . . . . . . . . . . . . . . .|
f. . O . O . X . X . O . O . . . . . .|
e. . . . . . . . . . . . . . . . . . .|
d. X X O O X X O O X X O O X X O O X X|
c. . . . . . . . . . . . . . . . . . .|
b. O O X X O O X X O O X X O O X X O O|
aX . . . . . . . . . . . . . . . . . .|
 A B C D E F G H I J K L M N O P Q R S|
gracz X
--------------------------------------+
s. . . . . . . . . . . . . . . . . . .|
r. . . . . . . . . . . . . . . . . . .|
q. . . . . . . . . . . . . . . . . . .|
p. . . . . . . . . . . . . . . . . . .|
o. . . . . . . . . . . . . . . . . . .|
n. . . . . . . . . . . . . . . . . . .|
m. . . . . . . . . . . . . . . . . . .|
l. . . . . . . . . . . . . . . . . . .|
k. . . . . . . . . . . . . . . . . . .|
j. . . . . . . . . . . . . . . . . . .|
i. . . . . . . . . . . . . . . . . . .|
h. . . . . . . . . . . . . . . . . . .|
g. . . . . . . . . . . . . . . . . . .|
f. . O . O . X . X . O . O . X . X . .|
e. . . . . . . . . . . . . . . . . . .|
d. X X O O X X O O X X O O X X O O X X|
c. . . . . . . . . . . . . . . . . . .|
b. O O X X O O X X O O X X O O X X O O|
aX . . . . . . . . . . . . . . . . . .|
 A B C D E F G H I J K L M N O P Q R S|
gracz O
--------------------------------------+
s. . . . . . . . . . . . . . . . . . .|
r. . . . . . . . . . . . . . . . . . .|
q. . . . . . . . . . . . . . . . . . .|
p. . . . . . . . . . . . . . . . . . .|
o. . . . . . . . . . . . . . . . . . .|
n. . . . . . . . . . . . . . . . . . .|
m. . . . . . . . . . . . . . . . . . .|
l. . . . . . . . . . . . . . . . . . .|
k. . . . . . . . . . . . . . . . . . .|
j. . . . . . . . . . . . . . . . . . .|
i. . . . . . . . . . . . . . . . . . .|
h. . . . . . . . . . . . . . . . . . .|
g. . . . . . . . . . . . . . . . . . .|
f. . O . O . X . X . O . O . X . X . .|
e. . . . . . . . . . . . . . . . . . .|
d. X X O O X X O O X X O O X X O O X X|
c. . . . . . . . . . . . . . . . . . .|
b. O O X X O O X X O O X X O O X X O O|
aX . . . . . . . . . . . . . . . . . .|
 A B C D E F G H I J K L M N O P Q R S|
gracz O
--------------------------------------+
s. . . . . . . . . . . . . . . . . . .|
r. . . . . . . . . . . . . . . . . . .|
q. . . . . . . . . . . . . . . . . . .|
p. . . . . . . . . . . . . . . . . . .|
o. . . . . . . . . . . . . . . . . . .|
n. . . . . . . . . . . . . . . . . . .|
m. . . . . . . . . . . . . . . . . . .|
l. . . . . . . . . . . . . . . . . . .|
k. . . . . . . . . . . . . . . . . . .|
j. . . . . . . . . . . . . . . . . . .|
i. . . . . . . . . . . . . . . . . . .|
h. . . . . . . . . . . . . . . . . . .|
g. . . . . . . . . . . . . . . . . . .|
f. . O . O . X . X . O . O . X . X . .|
e. . . . . . . . . . . . . . . . . . .|
d. X X O O X X O O X X O O X X O O X X|
c. . . . . . . . . . . . . . . . . . .|
b. O O X X O O X X O O X X O O X X O O|
aX . . . . . . . . . . . . . . . . . .|
 A B C D E F G H I J K L M N O P Q R S|
gracz O
--------------------------------------+
s. . . . . . . . . . . . . . . . . . .|
r. . . . . . . . . . . . . . . . . . .|
q. . . . . . . . . . . . . . . . . . .|
p. . . . . . . . . . . . . . . . . . .|
o. . . . . . . . . . . . . . . . . . .|
n. . . . . . . . . . . . . . . . . . .|
m. . . . . . . . . . . . . . . . . . .|
l. . . . . . . . . . . . . . . . . . .|
k. . . . . . . . . . . . . . . . . . .|
j. . . . . . . . . . . . . . . . . . .|
i. . . . . . . . . . . . . . . . . . .|
h. O O . . . . . . . . . . . . . . . .|
g. . . . . . . . . . . . . . . . . . .|
f. . O . O . X . X . O . O . X . X . .|
e. . . . . . . . . . . . . . . . . . .|
d. X X O O X X O O X X O O X X O O X X|
c. . . . . . . . . . . . . . . . . . .|
b. O O X X O O X X O O X X O O X X O O|
aX . . . . . . . . . . . . . . . . . .|
 A B C D E F G H I J K L M N O P Q R S|
gracz X
--------------------------------------+
s. . . . . . . . . . . . . . . . . . .|
r. . . . . . . . . . . . . . . . . . .|
q. . . . . . . . . . . . . . . . . . .|
p. . . . . . . . . . . . . . . . . . .|
o. . . . . . . . . . . . . . . . . . .|
n. . . . . . . . . . . . . . . . . . .|
m. . . . . . . . . . . . . . . . . . .|
l. . . . . . . . . . . . . . . . . . .|
k. . . . . . . . . . . . . . . . . . .|
j. . . . . . . . . . . . . . . . . . .|
i. . . . . . . . . . . . . . . . . . .|
h. O O X X . . . . . . . . . . . . . .|
g. . . . . . . . . . . . . . . . . . .|
f. . O . O . X . X . O . O . X . X . .|
e. . . . . . . . . . . . . . . . . . .|
d. X X O O X X O O X X O O X X O O X X|
c. . . . . . . . . . . . . . . . . . .|
b. O O X X O O X X O O X X O O X X O O|
aX . . . . . . . . . . . . . . . . . .|
 A B C D E F G H I J K L M N O P Q R S|
gracz O
--------------------------------------+
s. . . . . . . . . . . . . . . . . . .|
r. . . . . . . . . . . . . . . . . . .|
q. . . . . . . . . . . . . . . . . . .|
p. . . . . . . . . . . . . . . . . . .|
o. . . . . . . . . . . . . . . . . . .|
n. . . . . . . . . . . . . . . . . . .|
m. . . . . . . . . . . . . . . . . . .|
l. . . . . . . . . . . . . . . . . . .|
k. . . . . . . . . . . . . . . . . . .|
j. . . . . . . . . . . . . . . . . . .|
i. . . . . . . . . . . . . . . . . . .|
h. O O X X O O . . . . . . . . . . . .|
g. . . . . . . . . . . . . . . . . . .|
f. . O . O . X . X . O . O . X . X . .|
e. . . . . . . . . . . . . . . . . . .|
d. X X O O X X O O X X O O X X O O X X|
c. . . . . . . . . . . . . . . . . . .|
b. O O X X O O X X O O X X O O X X O O|
aX . . . . . . . . . . . . . . . . . .|
 A B C D E F G H I J K L M N O P Q R S|
gracz X
--------------------------------------+
s. . . . . . . . . . . . . . . . . . .|
r. . . . . . . . . . . . . . . . . . .|
q. . . . . . . . . . . . . . . . . . .|
p. . . . . . . . . . . . . . . . . . .|
o. . . . . . . . . . . . . . . . . . .|
n. . . . . . . . . . . . . . . . . . .|
m. . . . . . . . . . . . . . . . . . .|
l. . . . . . . . . . . . . . . . . . .|
k. . . . . . . . . . . . . . . . . . .|
j. . . . . . . . . . . . . . . . . . .|
i. . . . . . . . . . . . . . . . . . .|
h. O O X X O O X X . . . . . . . . . .|
g. . . . . . . . . . . . . . . . . . .|
f. . O . O . X . X . O . O . X . X . .|
e. . . . . . . . . . . . . . . . . . .|
d. X X O O X X O O X X O O X X O O X X|
c. . . . . . . . . . . . . . . . . . .|
b. O O X X O O X X O O X X O O X X O O|
aX . . . . . . . . . . . . . . . . . .|
 A B C D E F G H I J K L M N O P Q R S|
gracz O
--------------------------------------+
s. . . . . . . . . . . . . . . . . . .|
r. . . . . . . . . . . . . . . . . . .|
q. . . . . . . . . . . . . . . . . . .|
p. . . . . . . . . . . . . . . . . . .|
o. . . . . . . . . . . . . . . . . . .|
n. . . . . . . . . . . . . . . . . . .|
m. . . . . . . . . . . . . . . . . . .|
l. . . . . . . . . . . . . . . . . . .|
k. . . . . . . . . . . . . . . . . . .|
j. . . . . . . . . . . . . . . . . . .|
i. . . . . . . . . . . . . . . . . . .|
h. O O X X O O X X O O . . . . . . . .|
g. . . . . . . . . . . . . . . . . . .|
f. . O . O . X . X . O . O . X . X . .|
e. . . . . . . . . . . . . . . . . . .|
d. X X O O X X O O X X O O X X O O X X|
c. . . . . . . . . . . . . . . . . . .|
b. O O X X O O X X O O X X O O X X O O|
aX . . . . . . . . . . . . . . . . . .|
 A B C D E F G H I J K L M N O P Q R S|
gracz X
--------------------------------------+
s. . . . . . . . . . . . . . . . . . .|
r. . . . . . . . . . . . . . . . . . .|
q. . . . . . . . . . . . . . . . . . .|
p. . . . . . . . . . . . . . . . . . .|
o. . . . . . . . . . . . . . . . . . .|
n. . . . . . . . . . . . . . . . . . .|
m. . . . . . . . . . . . . . . . . . .|
l. . . . . . . . . . . . . . . . . . .|
k. . . . . . . . . . . . . . . . . . .|
j. . . . . . . . . . . . . . . . . . .|
i. . . . . . . . . . . . . . . . . . .|
h. O O X X O O X X O O X X . . . . . .|
g. . . . . . . . . . . . . . . . . . .|
f. . O . O . X . X . O . O . X . X . .|
e. . . . . . . . . . . . . . . . . . .|
d. X X O O X X O O X X O O X X O O X X|
c. . . . . . . . . . . . . . . . . . .|
b. O O X X O O X X O O X X O O X X O O|
aX . . . . . . . . . . . . . . . . . .|
 A B C D E F G H I J K L M N O P Q R S|
gracz O
--------------------------------------+
s. . . . . . . . . . . . . . . . . . .|
r. . . . . . . . . . . . . . . . . . .|
q. . . . . . . . . . . . . . . . . . .|
p. . . . . . . . . . . . . . . . . . .|
o. . . . . . . . . . . . . . . . . . .|
n. . . . . . . . . . . . . . . . . . .|
m. . . . . . . . . . . . . . . . . . .|
l. . . . . . . . . . . . . . . . . . .|
k. . . . . . . . . . . . . . . . . . .|
j. . . . . . . . . . . . . . . . . . .|
i. . . . . . . . . . . . . . . . . . .|
h. O O X X O O X X O O X X O O . . . .|
g. . . . . . . . . . . . . . . . . . .|
f. . O . O . X . X . O . O . X . X . .|
e. . . . . . . . . . . . . . . . . . .|
d. X X O O X X O O X X O O X X O O X X|
c. . . . . . . . . . . . . . . . . . .|
b. O O X X O O X X O O X X O O X X O O|
aX . . . . . . . . . . . . . . . . . .|
 A B C D E F G H I J K L M N O P Q R S|
gracz X
--------------------------------------+
s. . . . . . . . . . . . . . . . . . .|
r. . . . . . . . . . . . . . . . . . .|
q. . . . . . . . . . . . . . . . . . .|
p. . . . . . . . . . . . . . . . . . .|
o. . . . . . . . . . . . . . . . . . .|
n. . . . . . . . . . . . . . . . . . .|
m. . . . . . . . . . . . . . . . . . .|
l. . . . . . . . . . . . . . . . . . .|
k. . . . . . . . . . . . . . . . . . .|
j. . . . . . . . . . . . . . . . . . .|
i. . . . . . . . . . . . . . . . . . .|
h. O O X X O O X X O O X X O O X X . .|
g. . . . . . . . . . . . . . . . . . .|
f. . O . O . X . X . O . O . X . X . .|
e. . . . . . . . . . . . . . . . . . .|
d. X X O O X X O O X X O O X X O O X X|
c. . . . . . . . . . . . . . . . . . .|
b. O O X X O O X X O O X X O O X X O O|
aX . . . . . . . . . . . . . . . . . .|
 A B C D E F G H I J K L M N O P Q R S|
gracz O
--------------------------------------+
s. . . . . . . . . . . . . . . . . . .|
r. . . . . . . . . . . . . . . . . . .|
q. . . . . . . . . . . . . . . . . . .|
p. . . . . . . . . . . . . . . . . . .|
o. . . . . . . . . . . . . . . . . . .|
n. . . . . . . . . . . . . . . . . . .|
m. . . . . . . . . . . . . . . . . . .|
l. . . . . . . . . . . . . . . . . . .|
k. . . . . . . . . . . . . . . . . . .|
j. . . . . . . . . . . . . . . . . . .|
i. . . . . . . . . . . . . . . . . . .|
h. O O X X O O X X O O X X O O X X O O|
g. . . . . . . . . . . . . . . . . . .|
f. . O . O . X . X . O . O . X . X . .|
e. . . . . . . . . . . . . . . . . . .|
d. X X O O X X O O X X O O X X O O X X|
c. . . . . . . . . . . . . . . . . . .|
b. O O X X O O X X O O X X O O X X O O|
aX . . . . . . . . . . . . . . . . . .|
 A B C D E F G H I J K L M N O P Q R S|
gracz X
--------------------------------------+
s. . . . . . . . . . . . . . . . . . .|
r. . . . . . . . . . . . . . . . . . .|
q. . . . . . . . . . . . . . . . . . .|
p. . . . . . . . . . . . . . . . . . .|
o. . . . . . . . . . . . . . . . . . .|
n. . . . . . . . . . . . . . . . . . .|
m. . . . . . . . . . . . . . . . . . .|
l. . . . . . . . . . . . . . . . . . .|
k. . . . . . . . . . . . . . . . . . .|
j. X X . . . . . . . . . . . . . . . .|
i. . . . . . . . . . . . . . . . . . .|
h. O O X X O O X X O O X X O O X X O O|
g. . . . . . . . . . . . . . . . . . .|
f. . O . O . X . X . O . O . X . X . .|
e. . . . . . . . . . . . . . . . . . .|
d. X X O O X X O O X X O O X X O O X X|
c. . . . . . . . . . . . . . . . . . .|
b. O O X X O O X X O O X X O O X X O O|
aX . . . . . . . . . . . . . . . . . .|
 A B C D E F G H I J K L M N O P Q R S|
gracz O
--------------------------------------+
s. . . . . . . . . . . . . . . . . . .|
r. . . . . . . . . . . . . . . . . . .|
q. . . . . . . . . . . . . . . . . . .|
p. . . . . . . . . . . . . . . . . . .|
o. . . . . . . . . . . . . . . . . . .|
n. . . . . . . . . . . . . . . . . . .|
m. . . . . . . . . . . . . . . . . . .|
l. . . . . . . . . . . . . . . . . . .|
k. . . . . . . . . . . . . . . . . . .|
j. X X O O . . . . . . . . . . . . . .|
i. . . . . . . . . . . . . . . . . . .|
h. O O X X O O X X O O X X O O X X O O|
g. . . . . . . . . . . . . . . . . . .|
f. . O . O . X . X . O . O . X . X . .|
e. . . . . . . . . . . . . . . . . . .|
d. X X O O X X O O X X O O X X O O X X|
c. . . . . . . . . . . . . . . . . . .|
b. O O X X O O X X O O X X O O X X O O|
aX . . . . . . . . . . . . . . . . . .|
 A B C D E F G H I J K L M N O P Q R S|
gracz X
--------------------------------------+
s. . . . . . . . . . . . . . . . . . .|
r. . . . . . . . . . . . . . . . . . .|
q. . . . . . . . . . . . . . . . . . .|
p. . . . . . . . . . . . . . . . . . .|
o. . . . . . . . . . . . . . . . . . .|
n. . . . . . . . . . . . . . . . . . .|
m. . . . . . . . . . . . . . . . . . .|
l. . . . . . . . . . . . . . . . . . .|
k. . . . . . . . . . . . . . . . . . .|
j. X X O O X X . . . . . . . . . . . .|
i. . . . . . . . . . . . . . . . . . .|
h. O O X X O O X X O O X X O O X X O O|
g. . . . . . . . . . . . . . . . . . .|
f. . O . O . X . X . O . O . X . X . .|
e. . . . . . . . . . . . . . . . . . .|
d. X X O O X X O O X X O O X X O O X X|
c. . . . . . . . . . . . . . . . . . .|
b. O O X X O O X X O O X X O O X X O O|
aX . . . . . . . . . . . . . . . . . .|
 A B C D E F G H I J K L M N O P Q R S|
gracz O
--------------------------------------+
s. . . . . . . . . . . . . . . . . . .|
r. . . . . . . . . . . . . . . . . . .|
q. . . . . . . . . . . . . . . . . . .|
p. . . . . . . . . . . . . . . . . . .|
o. . . . . . . . . . . . . . . . . . .|
n. . . . . . . . . . . . . . . . . . .|
m. . . . . . . . . . . . . . . . . . .|
l. . . . . . . . . . . . . . . . . . .|
k. . . . . . . . . . . . . . . . . . .|
j. X X O O X X O O . . . . . . . . . .|
i. . . . . . . . . . . . . . . . . . .|
h. O O X X O O X X O O X X O O X X O O|
g. . . . . . . . . . . . . . . . . . .|
f. . O . O . X . X . O . O . X . X . .|
e. . . . . . . . . . . . . . . . . . .|
d. X X O O X X O O X X O O X X O O X X|
c. . . . . . . . . . . . . . . . . . .|
b. O O X X O O X X O O X X O O X X O O|
aX . . . . . . . . . . . . . . . . . .|
 A B C D E F G H I J K L M N O P Q R S|
gracz X
--------------------------------------+
s. . . . . . . . . . . . . . . . . . .|
r. . . . . . . . . . . . . . . . . . .|
q. . . . . . . . . . . . . . . . . . .|
p. . . . . . . . . . . . . . . . . . .|
o. . . . . . . . . . . . . . . . . . .|
n. . . . . . . . . . . . . . . . . . .|
m. . . . . . . . . . . . . . . . . . .|
l. . . . . . . . . . . . . . . . . . .|
k. . . . . . . . . . . . . . . . . . .|
j. X X O O X X O O X X . . . . . . . .|
i. . . . . . . . . . . . . . . . . . .|
h. O O X X O O X X O O X X O O X X O O|
g. . . . . . . . . . . . . . . . . . .|
f. . O . O . X . X . O . O . X . X . .|
e. . . . . . . . . . . . . . . . . . .|
d. X X O O X X O O X X O O X X O O X X|
c. . . . . . . . . . . . . . . . . . .|
b. O O X X O O X X O O X X O O X X O O|
aX . . . . . . . . . . . . . . . . . .|
 A B C D E F G H I J K L M N O P Q R S|
gracz O
--------------------------------------+
s. . . . . . . . . . . . . . . . . . .|
r. . . . . . . . . . . . . . . . . . .|
q. . . . . . . . . . . . . . . . . . .|
p. . . . . . . . . . . . . . . . . . .|
o. . . . . . . . . . . . . . . . . . .|
n. . . . . . . . . . . . . . . . . . .|
m. . . . . . . . . . . . . . . . . . .|
l. . . . . . . . . . . . . . . . . . .|
k. . . . . . . . . . . . . . . . . . .|
j. X X O O X X O O X X O O . . . . . .|
i. . . . . . . . . . . . . . . . . . .|
h. O O X X O O X X O O X X O O X X O O|
g. . . . . . . . . . . . . . . . . . .|
f. . O . O . X . X . O . O . X . X . .|
e. . . . . . . . . . . . . . . . . . .|
d. X X O O X X O O X X O O X X O O X X|
c. . . . . . . . . . . . . . . . . . .|
b. O O X X O O X X O O X X O O X X O O|
aX . . . . . . . . . . . . . . . . . .|
 A B C D E F G H I J K L M N O P Q R S|
gracz X
--------------------------------------+
s. . . . . . . . . . . . . . . . . . .|
r. . . . . . . . . . . . . . . . . . .|
q. . . . . . . . . . . . . . . . . . .|
p. . . . . . . . . . . . . . . . . . .|
o. . . . . . . . . . . . . . . . . . .|
n. . . . . . . . . . . . . . . . . . .|
m. . . . . . . . . . . . . . . . . . .|
l. . . . . . . . . . . . . . . . . . .|
k. . . . . . . . . . . . . . . . . . .|
j. X X O O X X O O X X O O X X . . . .|
i. . . . . . . . . . . . . . . . . . .|
h. O O X X O O X X O O X X O O X X O O|
g. . . . . . . . . . . . . . . . . . .|
f. . O . O . X . X . O . O . X . X . .|
e. . . . . . . . . . . . . . . . . . .|
d. X X O O X X O O X X O O X X O O X X|
c. . . . . . . . . . . . . . . . . . .|
b. O O X X O O X X O O X X O O X X O O|
aX . . . . . . . . . . . . . . . . . .|
 A B C D E F G H I J K L M N O P Q R S|
gracz O
--------------------------------------+
s. . . . . . . . . . . . . . . . . . .|
r. . . . . . . . . . . . . . . . . . .|
q. . . . . . . . . . . . . . . . . . .|
p. . . . . . . . . . . . . . . . . . .|
o. . . . . . . . . . . . . . . . . . .|
n. . . . . . . . . . . . . . . . . . .|
m. . . . . . . . . . . . . . . . . . .|
l. . . . . . . . . . . . . . . . . . .|
k. . . . . . . . . . . . . . . . . . .|
j. X X O O X X O O X X O O X X O O . .|
i. . . . . . . . . . . . . . . . . . .|
h. O O X X O O X X O O X X O O X X O O|
g. . . . . . . . . . . . . . . . . . .|
f. . O . O . X . X . O . O . X . X . .|
e. . . . . . . . . . . . . . . . . . .|
d. X X O O X X O O X X O O X X O O X X|
c. . . . . . . . . . . . . . . . . . .|
b. O O X X O O X X O O X X O O X X O O|
aX . . . . . . . . . . . . . . . . . .|
 A B C D E F G H I J K L M N O P Q R S|
gracz X
--------------------------------------+
s. . . . . . . . . . . . . . . . . . .|
r. . . . . . . . . . . . . . . . . . .|
q. . . . . . . . . . . . . . . . . . .|
p. . . . . . . . . . . . . . . . . . .|
o. . . . . . . . . . . . . . . . . . .|
n. . . . . . . . . . . . . . . . . . .|
m. . . . . . . . . . . . . . . . . . .|
l. . . . . . . . . . . . . . . . . . .|
k. . . . . . . . . . . . . . . . . . .|
j. X X O O X X O O X X O O X X O O X X|
i. . . . . . . . . . . . . . . . . . .|
h. O O X X O O X X O O X X O O X X O O|
g. . . . . . . . . . . . . . . . . . .|
f. . O . O . X . X . O . O . X . X . .|
e. . . . . . . . . . . . . . . . . . .|
d. X X O O X X O O X X O O X X O O X X|
c. . . . . . . . . . . . . . . . . . .|
b. O O X X O O X X O O X X O O X X O O|
aX . . . . . . . . . . . . . . . . . .|
 A B C D E F G H I J K L M N O P Q R S|
gracz O
--------------------------------------+
s. . . . . . . . . . . . . . . . . . .|
r. . . . . . . . . . . . . . . . . . .|
q. . . . . . . . . . . . . . . . . . .|
p. . . . . . . . . . . . . . . . . . .|
o. . . . . . . . . . . . . . . . . . .|
n. . . . . . . . . . . . . . . . . . .|
m. . . . . . . . . . . . . . . . . . .|
l. . O . O . . . . . . . . . . . . . .|
k. . . . . . . . . . . . . . . . . . .|
j. X X O O X X O O X X O O X X O O X X|
i. . . . . . . . . . . . . . . . . . .|
h. O O X X O O X X O O X X O O X X O O|
g. . . . . . . . . . . . . . . . . . .|
f. . O . O . X . X . O . O . X . X . .|
e. . . . . . . . . . . . . . . . . . .|
d. X X O O X X O O X X O O X X O O X X|
c. . . . . . . . . . . . . . . . . . .|
b. O O X X O O X X O O X X O O X X O O|
aX . . . . . . . . . . . . . . . . . .|
 A B C D E F G H I J K L M N O P Q R S|
gracz X
--------------------------------------+
s. . . . . . . . . . . . . . . . . . .|
r. . . . . . . . . . . . . . . . . . .|
q. . . . . . . . . . . . . . . . . . .|
p. . . . . . . . . . . . . . . . . . .|
o. . . . . . . . . . . . . . . . . . .|
n. . . . . . . . . . . . . . . . . . .|
m. . . . . . . . . . . . . . . . . . .|
l. . O . O . . . . . . . . . . . . . .|
k. . . . . . . . . . . . . . . . . . .|
j. X X O O X X O O X X O O X X O O X X|
i. . . . . . . . . . . . . . . . . . .|
h. O O X X O O X X O O X X O O X X O O|
g. . . . . . . . . . . . . . . . . . .|
f. . O . O . X . X . O . O . X . X . .|
e. . . . . . . . . . . . . . . . . . .|
d. X X O O X X O O X X O O X X O O X X|
c. . . . . . . . . . . . . . . . . . .|
b. O O X X O O X X O O X X O O X X O O|
aX . . . . . . . . . . . . . . . . . .|
 A B C D E F G H I J K L M N O P Q R S|
gracz X
--------------------------------------+
s. . . . . . . . . . . . . . . . . . .|
r. . . . . . . . . . . . . . . . . . .|
q. . . . . . . . . . . . . . . . . . .|
p. . . . . . . . . . . . . . . . . . .|
o. . . . . . . . . . . . . . . . . . .|
n. . . . . . . . . . . . . . . . . . .|
m. . . . . . . . . . . . . . . . . . .|
l. . O . O . X . X . . . . . . . . . .|
k. . . . . . . . . . . . . . . . . . .|
j. X X O O X X O O X X O O X X O O X X|
i. . . . . . . . . . . . . . . . . . .|
h. O O X X O O X X O O X X O O X X O O|
g. . . . . . . . . . . . . . . . . . .|
f. . O . O . X . X . O . O . X . X . .|
e. . . . . . . . . . . . . . . . . . .|
d. X X O O X X O O X X O O X X O O X X|
c. . . . . . . . . . . . . . . . . . .|
b. O O X X O O X X O O X X O O X X O O|
aX . . . . . . . . . . . . . . . . . .|
 A B C D E F G H I J K L M N O P Q R S|
gracz O
--------------------------------------+
s. . . . . . . . . . . . . . . . . . .|
r. . . . . . . . . . . . . . . . . . .|
q. . . . . . . . . . . . . . . . . . .|
p. . . . . . . . . . . . . . . . . . .|
o. . . . . . . . . . . . . . . . . . .|
n. . . . . . . . . . . . . . . . . . .|
m. . . . . . . . . . . . . . . . . . .|
l. . O . O . X . X . . . . . . . . . .|
k. . . . . . . . . . . . . . . . . . .|
j. X X O O X X O O X X O O X X O O X X|
i. . . . . . . . . . . . . . . . . . .|
h. O O X X O O X X O O X X O O X X O O|
g. . . . . . . . . . . . . . . . . . .|
f. . O . O . X . X . O . O . X . X . .|
e. . . . . . . . . . . . . . . . . . .|
d. X X O O X X O O X X O O X X O O X X|
c. . . . . . . . . . . . . . . . . . .|
b. O O X X O O X X O O X X O O X X O O|
aX . . . . . . . . . . . . . . . . . .|
 A B C D E F G H I J K L M N O P Q R S|
gracz O
--------------------------------------+
s. . . . . . . . . . . . . . . . . . .|
r. . . . . . . . . . . . . . . . . . .|
q. . . . . . . . . . . . . . . . . . .|
p. . . . . . . . . . . . . . . . . . .|
o. . . . . . . . . . . . . . . . . . .|
n. . . . . . . . . . . . . . . . . . .|
m. . . . . . . . . . . . . . . . . . .|
l. . O . O . X . X . O . O . . . . . .|
k. . . . . . . . . . . . . . . . . . .|
j. X X O O X X O O X X O O X X O O X X|
i. . . . . . . . . . . . . . . . . . .|
h. O O X X O O X X O O X X O O X X O O|
g. . . . . . . . . . . . . . . . . . .|
f. . O . O . X . X . O . O . X . X . .|
e. . . . . . . . . . . . . . . . . . .|
d. X X O O X X O O X X O O X X O O X X|
c. . . . . . . . . . . . . . . . . . .|
b. O O X X O O X X O O X X O O X X O O|
aX . . . . . . . . . . . . . . . . . .|
 A B C D E F G H I J K L M N O P Q R S|
gracz X
--------------------------------------+
s. . . . . . . . . . . . . . . . . . .|
r. . . . . . . . . . . . . . . . . . .|
q. . . . . . . . . . . . . . . . . . .|
p. . . . . . . . . . . . . . . . . . .|
o. . . . . . . . . . . . . . . . . . .|
n. . . . . . . . . . . . . . . . . . .|
m. . . . . . . . . . . . . . . . . . .|
l. . O . O . X . X . O . O . . . . . .|
k. . . . . . . . . . . . . . . . . . .|
j. X X O O X X O O X X O O X X O O X X|
i. . . . . . . . . . . . . . . . . . .|
h. O O X X O O X X O O X X O O X X O O|
g. . . . . . . . . . . . . . . . . . .|
f. . O . O . X . X . O . O . X . X . .|
e. . . . . . . . . . . . . . . . . . .|
d. X X O O X X O O X X O O X X O O X X|
c. . . . . . . . . . . . . . . . . . .|
b. O O X X O O X X O O X X O O X X O O|
aX . . . . . . . . . . . . . . . . . .|
 A B C D E F G H I J K L M N O P Q R S|
gracz X
--------------------------------------+
s. . . . . . . . . . . . . . . . . . .|
r. . . . . . . . . . . . . . . . . . .|
q. . . . . . . . . . . . . . . . . . .|
p. . . . . . . . . . . . . . . . . . .|
o. . . . . . . . . . . . . . . . . . .|
n. . . . . . . . . . . . . . . . . . .|
m. . . . . . . . . . . . . . . . . . .|
l. . O . O . X . X . O . O . X . X . .|
k. . . . . . . . . . . . . . . . . . .|
j. X X O O X X O O X X O O X X O O X X|
i. . . . . . . . . . . . . . . . . . .|
h. O O X X O O X X O O X X O O X X O O|
g. . . . . . . . . . . . . . . . . . .|
f. . O . O . X . X . O . O . X . X . .|
e. . . . . . . . . . . . . . . . . . .|
d. X X O O X X O O X X O O X X O O X X|
c. . . . . . . . . . . . . . . . . . .|
b. O O X X O O X X O O X X O O X X O O|
aX . . . . . . . . . . . . . . . . . .|
 A B C D E F G H I J K L M N O P Q R S|
gracz O
--------------------------------------+
s. . . . . . . . . . . . . . . . . . .|
r. . . . . . . . . . . . . . . . . . .|
q. . . . . . . . . . . . . . . . . . .|
p. . . . . . . . . . . . . . . . . . .|
o. . . . . . . . . . . . . . . . . . .|
n. . . . . . . . . . . . . . . . . . .|
m. . . . . . . . . . . . . . . . . . .|
l. . O . O . X . X . O . O . X . X . .|
k. . . . . . . . . . . . . . . . . . .|
j. X X O O X X O O X X O O X X O O X X|
i. . . . . . . . . . . . . . . . . . .|
h. O O X X O O X X O O X X O O X X O O|
g. . . . . . . . . . . . . . . . . . .|
f. . O . O . X . X . O . O . X . X . .|
e. . . . . . . . . . . . . . . . . . .|
d. X X O O X X O O X X O O X X O O X X|
c. . . . . . . . . . . . . . . . . . .|
b. O O X X O O X X O O X X O O X X O O|
aX . . . . . . . . . . . . . . . . . .|
 A B C D E F G H I J K L M N O P Q R S|
gracz O
--------------------------------------+
s. . . . . . . . . . . . . . . . . . .|
r. . . . . . . . . . . . . . . . . . .|
q. . . . . . . . . . . . . . . . . . .|
p. . . . . . . . . . . . . . . . . . .|
o. . . . . . . . . . . . . . . . . . .|
n. . . . . . . . . . . . . . . . . . .|
m. . . . . . . . . . . . . . . . . . .|
l. . O . O . X . X . O . O . X . X . .|
k. . . . . . . . . . . . . . . . . . .|
j. X X O O X X O O X X O O X X O O X X|
i. . . . . . . . . . . . . . . . . . .|
h. O O X X O O X X O O X X O O X X O O|
g. . . . . . . . . . . . . . . . . . .|
f. . O . O . X . X . O . O . X . X . .|
e. . . . . . . . . . . . . . . . . . .|
d. X X O O X X O O X X O O X X O O X X|
c. . . . . . . . . . . . . . . . . . .|
b. O O X X O O X X O O X X O O X X O O|
aX . . . . . . . . . . . . . . . . . .|
 A B C D E F G H I J K L M N O P Q R S|
gracz O
--------------------------------------+
s. . . . . . . . . . . . . . . . . . .|
r. . . . . . . . . . . . . . . . . . .|
q. . . . . . . . . . . . . . . . . . .|
p. . . . . . . . . . . . . . . . . . .|
o. . . . . . . . . . . . . . . . . . .|
n. O O . . . . . . . . . . . . . . . .|
m. . . . . . . . . . . . . . . . . . .|
l. . O . O . X . X . O . O . X . X . .|
k. . . . . . . . . . . . . . . . . . .|
j. X X O O X X O O X X O O X X O O X X|
i. . . . . . . . . . . . . . . . . . .|
h. O O X X O O X X O O X X O O X X O O|
g. . . . . . . . . . . . . . . . . . .|
f. . O . O . X . X . O . O . X . X . .|
e. . . . . . . . . . . . . . . . . . .|
d. X X O O X X O O X X O O X X O O X X|
c. . . . . . . . . . . . . . . . . . .|
b. O O X X O O X X O O X X O O X X O O|
aX . . . . . . . . . . . . . . . . . .|
 A B C D E F G H I J K L M N O P Q R S|
gracz X
--------------------------------------+
s. . . . . . . . . . . . . . . . . . .|
r. . . . . . . . . . . . . . . . . . .|
q. . . . . . . . . . . . . . . . . . .|
p. . . . . . . . . . . . . . . . . . .|
o. . . . . . . . . . . . . . . . . . .|
n. O O X X . . . . . . . . . . . . . .|
m. . . . . . . . . . . . . . . . . . .|
l. . O . O . X . X . O . O . X . X . .|
k. . . . . . . . . . . . . . . . . . .|
j. X X O O X X O O X X O O X X O O X X|
i. . . . . . . . . . . . . . . . . . .|
h. O O X X O O X X O O X X O O X X O O|
g. . . . . . . . . . . . . . . . . . .|
f. . O . O . X . X . O . O . X . X . .|
e. . . . . . . . . . . . . . . . . . .|
d. X X O O X X O O X X O O X X O O X X|
c. . . . . . . . . . . . . . . . . . .|
b. O O X X O O X X O O X X O O X X O O|
aX . . . . . . . . . . . . . . . . . .|
 A B C D E F G H I J K L M N O P Q R S|
gracz O
--------------------------------------+
s. . . . . . . . . . . . . . . . . . .|
r. . . . . . . . . . . . . . . . . . .|
q. . . . . . . . . . . . . . . . . . .|
p. . . . . . . . . . . . . . . . . . .|
o. . . . . . . . . . . . . . . . . . .|
n. O O X X O O . . . . . . . . . . . .|
m. . . . . . . . . . . . . . . . . . .|
l. . O . O . X . X . O . O . X . X . .|
k. . . . . . . . . . . . . . . . . . .|
j. X X O O X X O O X X O O X X O O X X|
i. . . . . . . . . . . . . . . . . . .|
h. O O X X O O X X O O X X O O X X O O|
g. . . . . . . . . . . . . . . . . . .|
f. . O . O . X . X . O . O . X . X . .|
e. . . . . . . . . . . . . . . . . . .|
d. X X O O X X O O X X O O X X O O X X|
c. . . . . . . . . . . . . . . . . . .|
b. O O X X O O X X O O X X O O X X O O|
aX . . . . . . . . . . . . . . . . . .|
 A B C D E F G H I J K L M N O P Q R S|
gracz X
--------------------------------------+
s. . . . . . . . . . . . . . . . . . .|
r. . . . . . . . . . . . . . . . . . .|
q. . . . . . . . . . . . . . . . . . .|
p. . . . . . . . . . . . . . . . . . .|
o. . . . . . . . . . . . . . . . . . .|
n. O O X X O O X X . . . . . . . . . .|
m. . . . . . . . . . . . . . . . . . .|
l. . O . O . X . X . O . O . X . X . .|
k. . . . . . . . . . . . . . . . . . .|
j. X X O O X X O O X X O O X X O O X X|
i. . . . . . . . . . . . . . . . . . .|
h. O O X X O O X X O O X X O O X X O O|
g. . . . . . . . . . . . . . . . . . .|
f. . O . O . X . X . O . O . X . X . .|
e. . . . . . . . . . . . . . . . . . .|
d. X X O O X X O O X X O O X X O O X X|
c. . . . . . . . . . . . . . . . . . .|
b. O O X X O O X X O O X X O O X X O O|
aX . . . . . . . . . . . . . . . . . .|
 A B C D E F G H I J K L M N O P Q R S|
gracz O
--------------------------------------+
s. . . . . . . . . . . . . . . . . . .|
r. . . . . . . . . . . . . . . . . . .|
q. . . . . . . . . . . . . . . . . . .|
p. . . . . . . . . . . . . . . . . . .|
o. . . . . . . . . . . . . . . . . . .|
n. O O X X O O X X O O . . . . . . . .|
m. . . . . . . . . . . . . . . . . . .|
l. . O . O . X . X . O . O . X . X . .|
k. . . . . . . . . . . . . . . . . . .|
j. X X O O X X O O X X O O X X O O X X|
i. . . . . . . . . . . . . . . . . . .|
h. O O X X O O X X O O X X O O X X O O|
g. . . . . . . . . . . . . . . . . . .|
f. . O . O . X . X . O . O . X . X . .|
e. . . . . . . . . . . . . . . . . . .|
d. X X O O X X O O X X O O X X O O X X|
c. . . . . . . . . . . . . . . . . . .|
b. O O X X O O X X O O X X O O X X O O|
aX . . . . . . . . . . . . . . . . . .|
 A B C D E F G H I J K L M N O P Q R S|
gracz X
--------------------------------------+
s. . . . . . . . . . . . . . . . . . .|
r. . . . . . . . . . . . . . . . . . .|
q. . . . . . . . . . . . . . . . . . .|
p. . . . . . . . . . . . . . . . . . .|
o. . . . . . . . . . . . . . . . . . .|
n. O O X X O O X X O O X X . . . . . .|
m. . . . . . . . . . . . . . . . . . .|
l. . O . O . X . X . O . O . X . X . .|
k. . . . . . . . . . . . . . . . . . .|
j. X X O O X X O O X X O O X X O O X X|
i. . . . . . . . . . . . . . . . . . .|
h. O O X X O O X X O O X X O O X X O O|
g. . . . . . . . . . . . . . . . . . .|
f. . O . O . X . X . O . O . X . X . .|
e. . . . . . . . . . . . . . . . . . .|
d. X X O O X X O O X X O O X X O O X X|
c. . . . . . . . . . . . . . . . . . .|
b. O O X X O O X X O O X X O O X X O O|
aX . . . . . . . . . . . . . . . . . .|
 A B C D E F G H I J K L M N O P Q R S|
gracz O
--------------------------------------+
s. . . . . . . . . . . . . . . . . . .|
r. . . . . . . . . . . . . . . . . . .|
q. . . . . . . . . . . . . . . . . . .|
p. . . . . . . . . . . . . . . . . . .|
o. . . . . . . . . . . . . . . . . . .|
n. O O X X O O X X O O X X O O . . . .|
m. . . . . . . . . . . . . . . . . . .|
l. . O . O . X . X . O . O . X . X . .|
k. . . . . . . . . . . . . . . . . . .|
j. X X O O X X O O X X O O X X O O X X|
i. . . . . . . . . . . . . . . . . . .|
h. O O X X O O X X O O X X O O X X O O|
g. . . . . . . . . . . . . . . . . . .|
f. . O . O . X . X . O . O . X . X . .|
e. . . . . . . . . . . . . . . . . . .|
d. X X O O X X O O X X O O X X O O X X|
c. . . . . . . . . . . . . . . . . . .|
b. O O X X O O X X O O X X O O X X O O|
aX . . . . . . . . . . . . . . . . . .|
 A B C D E F G H I J K L M N O P Q R S|
gracz X
--------------------------------------+
s. . . . . . . . . . . . . . . . . . .|
r. . . . . . . . . . . . . . . . . . .|
q. . . . . . . . . . . . . . . . . . .|
p. . . . . . . . . . . . . . . . . . .|
o. . . . . . . . . . . . . . . . . . .|
n. O O X X O O X X O O X X O O X X . .|
m. . . . . . . . . . . . . . . . . . .|
l. . O . O . X . X . O . O . X . X . .|
k. . . . . . . . . . . . . . . . . . .|
j. X X O O X X O O X X O O X X O O X X|
i. . . . . . . . . . . . . . . . . . .|
h. O O X X O O X X O O X X O O X X O O|
g. . . . . . . . . . . . . . . . . . .|
f. . O . O . X . X . O . O . X . X . .|
e. . . . . . . . . . . . . . . . . . .|
d. X X O O X X O O X X O O X X O O X X|
c. . . . . . . . . . . . . . . . . . .|
b. O O X X O O X X O O X X O O X X O O|
aX . . . . . . . . . . . . . . . . . .|
 A B C D E F G H I J K L M N O P Q R S|
gracz O
--------------------------------------+
s. . . . . . . . . . . . . . . . . . .|
r. . . . . . . . . . . . . . . . . . .|
q. . . . . . . . . . . . . . . . . . .|
p. . . . . . . . . . . . . . . . . . .|
o. . . . . . . . . . . . . . . . . . .|
n. O O X X O O X X O O X X O O X X O O|
m. . . . . . . . . . . . . . . . . . .|
l. . O . O . X . X . O . O . X . X . .|
k. . . . . . . . . . . . . . . . . . .|
j. X X O O X X O O X X O O X X O O X X|
i. . . . . . . . . . . . . . . . . . .|
h. O O X X O O X X O O X X O O X X O O|
g. . . . . . . . . . . . . . . . . . .|
f. . O . O . X . X . O . O . X . X . .|
e. . . . . . . . . . . . . . . . . . .|
d. X X O O X X O O X X O O X X O O X X|
c. . . . . . . . . . . . . . . . . . .|
b. O O X X O O X X O O X X O O X X O O|
aX . . . . . . . . . . . . . . . . . .|
 A B C D E F G H I J K L M N O P Q R S|
gracz X
--------------------------------------+
s. . . . . . . . . . . . . . . . . . .|
r. . . . . . . . . . . . . . . . . . .|
q. . . . . . . . . . . . . . . . . . .|
p. X X . . . . . . . . . . . . . . . .|
o. . . . . . . . . . . . . . . . . . .|
n. O O X X O O X X O O X X O O X X O O|
m. . . . . . . . . . . . . . . . . . .|
l. . O . O . X . X . O . O . X . X . .|
k. . . . . . . . . . . . . . . . . . .|
j. X X O O X X O O X X O O X X O O X X|
i. . . . . . . . . . . . . . . . . . .|
h. O O X X O O X X O O X X O O X X O O|
g. . . . . . . . . . . . . . . . . . .|
f. . O . O . X . X . O . O . X . X . .|
e. . . . . . . . . . . . . . . . . . .|
d. X X O O X X O O X X O O X X O O X X|
c. . . . . . . . . . . . . . . . . . .|
b. O O X X O O X X O O X X O O X X O O|
aX . . . . . . . . . . . . . . . . . .|
 A B C D E F G H I J K L M N O P Q R S|
gracz O
--------------------------------------+
s. . . . . . . . . . . . . . . . . . .|
r. . . . . . . . . . . . . . . . . . .|
q. . . . . . . . . . . . . . . . . . .|
p. X X O O . . . . . . . . . . . . . .|
o. . . . . . . . . . . . . . . . . . .|
n. O O X X O O X X O O X X O O X X O O|
m. . . . . . . . . . . . . . . . . . .|
l. . O . O . X . X . O . O . X . X . .|
k. . . . . . . . . . . . . . . . . . .|
j. X X O O X X O O X X O O X X O O X X|
i. . . . . . . . . . . . . . . . . . .|
h. O O X X O O X X O O X X O O X X O O|
g. . . . . . . . . . . . . . . . . . .|
f. . O . O . X . X . O . O . X . X . .|
e. . . . . . . . . . . . . . . . . . .|
d. X X O O X X O O X X O O X X O O X X|
c. . . . . . . . . . . . . . . . . . .|
b. O O X X O O X X O O X X O O X X O O|
aX . . . . . . . . . . . . . . . . . .|
 A B C D E F G H I J K L M N O P Q R S|
gracz X
--------------------------------------+
s. . . . . . . . . . . . . . . . . . .|
r. . . . . . . . . . . . . . . . . . .|
q. . . . . . . . . . . . . . . . . . .|
p. X X O O X X . . . . . . . . . . . .|
o. . . . . . . . . . . . . . . . . . .|
n. O O X X O O X X O O X X O O X X O O|
m. . . . . . . . . . . . . . . . . . .|
l. . O . O . X . X . O . O . X . X . .|
k. . . . . . . . . . . . . . . . . . .|
j. X X O O X X O O X X O O X X O O X X|
i. . . . . . . . . . . . . . . . . . .|
h. O O X X O O X X O O X X O O X X O O|
g. . . . . . . . . . . . . . . . . . .|
f. . O . O . X . X . O . O . X . X . .|
e. . . . . . . . . . . . . . . . . . .|
d. X X O O X X O O X X O O X X O O X X|
c. . . . . . . . . . . . . . . . . . .|
b. O O X X O O X X O O X X O O X X O O|
aX . . . . . . . . . . . . . . . . . .|
 A B C D E F G H I J K L M N O P Q R S|
gracz O
--------------------------------------+
s. . . . . . . . . . . . . . . . . . .|
r. . . . . . . . . . . . . . . . . . .|
q. . . . . . . . . . . . . . . . . . .|
p. X X O O X X O O . . . . . . . . . .|
o. . . . . . . . . . . . . . . . . . .|
n. O O X X O O X X O O X X O O X X O O|
m. . . . . . . . . . . . . . . . . . .|
l. . O . O . X . X . O . O . X . X . .|
k. . . . . . . . . . . . . . . . . . .|
j. X X O O X X O O X X O O X X O O X X|
i. . . . . . . . . . . . . . . . . . .|
h. O O X X O O X X O O X X O O X X O O|
g. . . . . . . . . . . . . . . . . . .|
f. . O . O . X . X . O . O . X . X . .|
e. . . . . . . . . . . . . . . . . . .|
d. X X O O X X O O X X O O X X O O X X|
c. . . . . . . . . . . . . . . . . . .|
b. O O X X O O X X O O X X O O X X O O|
aX . . . . . . . . . . . . . . . . . .|
 A B C D E F G H I J K L M N O P Q R S|
gracz X
--------------------------------------+
s. . . . . . . . . . . . . . . . . . .|
r. . . . . . . . . . . . . . . . . . .|
q. . . . . . . . . . . . . . . . . . .|
p. X X O O X X O O X X . . . . . . . .|
o. . . . . . . . . . . . . . . . . . .|
n. O O X X O O X X O O X X O O X X O O|
m. . . . . . . . . . . . . . . . . . .|
l. . O . O . X . X . O . O . X . X . .|
k. . . . . . . . . . . . . . . . . . .|
j. X X O O X X O O X X O O X X O O X X|
i. . . . . . . . . . . . . . . . . . .|
h. O O X X O O X X O O X X O O X X O O|
g. . . . . . . . . . . . . . . . . . .|
f. . O . O . X . X . O . O . X . X . .|
e. . . . . . . . . . . . . . . . . . .|
d. X X O O X X O O X X O O X X O O X X|
c. . . . . . . . . . . . . . . . . . .|
b. O O X X O O X X O O X X O O X X O O|
aX . . . . . . . . . . . . . . . . . .|
 A B C D E F G H I J K L M N O P Q R S|
gracz O
--------------------------------------+
s. . . . . . . . . . . . . . . . . . .|
r. . . . . . . . . . . . . . . . . . .|
q. . . . . . . . . . . . . . . . . . .|
p. X X O O X X O O X X O O . . . . . .|
o. . . . . . . . . . . . . . . . . . .|
n. O O X X O O X X O O X X O O X X O O|
m. . . . . . . . . . . . . . . . . . .|
l. . O . O . X . X . O . O . X . X . .|
k. . . . . . . . . . . . . . . . . . .|
j. X X O O X X O O X X O O X X O O X X|
i. . . . . . . . . . . . . . . . . . .|
h. O O X X O O X X O O X X O O X X O O|
g. . . . . . . . . . . . . . . . . . .|
f. . O . O . X . X . O . O . X . X . .|
e. . . . . . . . . . . . . . . . . . .|
d. X X O O X X O O X X O O X X O O X X|
c. . . . . . . . . . . . . . . . . . .|
b. O O X X O O X X O O X X O O X X O O|
aX . . . . . . . . . . . . . . . . . .|
 A B C D E F G H I J K L M N O P Q R S|
gracz X
--------------------------------------+
s. . . . . . . . . . . . . . . . . . .|
r. . . . . . . . . . . . . . . . . . .|
q. . . . . . . . . . . . . . . . . . .|
p. X X O O X X O O X X O O X X . . . .|
o. . . . . . . . . . . . . . . . . . .|
n. O O X X O O X X O O X X O O X X O O|
m. . . . . . . . . . . . . . . . . . .|
l. . O . O . X . X . O . O . X . X . .|
k. . . . . . . . . . . . . . . . . . .|
j. X X O O X X O O X X O O X X O O X X|
i. . . . . . . . . . . . . . . . . . .|
h. O O X X O O X X O O X X O O X X O O|
g. . . . . . . . . . . . . . . . . . .|
f. . O . O . X . X . O . O . X . X . .|
e. . . . . . . . . . . . . . . . . . .|
d. X X O O X X O O X X O O X X O O X X|
c. . . . . . . . . . . . . . . . . . .|
b. O O X X O O X X O O X X O O X X O O|
aX . . . . . . . . . . . . . . . . . .|
 A B C D E F G H I J K L M N O P Q R S|
gracz O
--------------------------------------+
s. . . . . . . . . . . . . . . . . . .|
r. . . . . . . . . . . . . . . . . . .|
q. . . . . . . . . . . . . . . . . . .|
p. X X O O X X O O X X O O X X O O . .|
o. . . . . . . . . . . . . . . . . . .|
n. O O X X O O X X O O X X O O X X O O|
m. . . . . . . . . . . . . . . . . . .|
l. . O . O . X . X . O . O . X . X . .|
k. . . . . . . . . . . . . . . . . . .|
j. X X O O X X O O X X O O X X O O X X|
i. . . . . . . . . . . . . . . . . . .|
h. O O X X O O X X O O X X O O X X O O|
g. . . . . . . . . . . . . . . . . . .|
f. . O . O . X . X . O . O . X . X . .|
e. . . . . . . . . . . . . . . . . . .|
d. X X O O X X O O X X O O X X O O X X|
c. . . . . . . . . . . . . . . . . . .|
b. O O X X O O X X O O X X O O X X O O|
aX . . . . . . . . . . . . . . . . . .|
 A B C D E F G H I J K L M N O P Q R S|
gracz X
--------------------------------------+
s. . . . . . . . . . . . . . . . . . .|
r. . . . . . . . . . . . . . . . . . .|
q. . . . . . . . . . . . . . . . . . .|
p. X X O O X X O O X X O O X X O O X X|
o. . . . . . . . . . . . . . . . . . .|
n. O O X X O O X X O O X X O O X X O O|
m. . . . . . . . . . . . . . . . . . .|
l. . O . O . X . X . O . O . X . X . .|
k. . . . . . . . . . . . . . . . . . .|
j. X X O O X X O O X X O O X X O O X X|
i. . . . . . . . . . . . . . . . . . .|
h. O O X X O O X X O O X X O O X X O O|
g. . . . . . . . . . . . . . . . . . .|
f. . O . O . X . X . O . O . X . X . .|
e. . . . . . . . . . . . . . . . . . .|
d. X X O O X X O O X X O O X X O O X X|
c. . . . . . . . . . . . . . . . . . .|
b. O O X X O O X X O O X X O O X X O O|
aX . . . . . . . . . . . . . . . . . .|
 A B C D E F G H I J K L M N O P Q R S|
gracz O
--------------------------------------+
s. . . . . . . . . . . . . . . . . . .|
r. . O . O . . . . . . . . . . . . . .|
q. . . . . . . . . . . . . . . . . . .|
p. X X O O X X O O X X O O X X O O X X|
o. . . . . . . . . . . . . . . . . . .|
n. O O X X O O X X O O X X O O X X O O|
m. . . . . . . . . . . . . . . . . . .|
l. . O . O . X . X . O . O . X . X . .|
k. . . . . . . . . . . . . . . . . . .|
j. X X O O X X O O X X O O X X O O X X|
i. . . . . . . . . . . . . . . . . . .|
h. O O X X O O X X O O X X O O X X O O|
g. . . . . . . . . . . . . . . . . . .|
f. . O . O . X . X . O . O . X . X . .|
e. . . . . . . . . . . . . . . . . . .|
d. X X O O X X O O X X O O X X O O X X|
c. . . . . . . . . . . . . . . . . . .|
b. O O X X O O X X O O X X O O X X O O|
aX . . . . . . . . . . . . . . . . . .|
 A B C D E F G H I J K L M N O P Q R S|
gracz X
--------------------------------------+
s. . . . . . . . . . . . . . . . . . .|
r. . O . O . . . . . . . . . . . . . .|
q. . . . . . . . . . . . . . . . . . .|
p. X X O O X X O O X X O O X X O O X X|
o. . . . . . . . . . . . . . . . . . .|
n. O O X X O O X X O O X X O O X X O O|
m. . . . . . . . . . . . . . . . . . .|
l. . O . O . X . X . O . O . X . X . .|
k. . . . . . . . . . . . . . . . . . .|
j. X X O O X X O O X X O O X X O O X X|
i. . . . . . . . . . . . . . . . . . .|
h. O O X X O O X X O O X X O O X X O O|
g. . . . . . . . . . . . . . . . . . .|
f. . O . O . X . X . O . O . X . X . .|
e. . . . . . . . . . . . . . . . . . .|
d. X X O O X X O O X X O O X X O O X X|
c. . . . . . . . . . . . . . . . . . .|
b. O O X X O O X X O O X X O O X X O O|
aX . . . . . . . . . . . . . . . . . .|
 A B C D E F G H I J K L M N O P Q R S|
gracz X
--------------------------------------+
s. . . . . . . . . . . . . . . . . . .|
r. . O . O . X . X . . . . . . . . . .|
q. . . . . . . . . . . . . . . . . . .|
p. X X O O X X O O X X O O X X O O X X|
o. . . . . . . . . . . . . . . . . . .|
n. O O X X O O X X O O X X O O X X O O|
m. . . . . . . . . . . . . . . . . . .|
l. . O . O . X . X . O . O . X . X . .|
k. . . . . . . . . . . . . . . . . . .|
j. X X O O X X O O X X O O X X O O X X|
i. . . . . . . . . . . . . . . . . . .|
h. O O X X O O X X O O X X O O X X O O|
g. . . . . . . . . . . . . . . . . . .|
f. . O . O . X . X . O . O . X . X . .|
e. . . . . . . . . . . . . . . . . . .|
d. X X O O X X O O X X O O X X O O X X|
c. . . . . . . . . . . . . . . . . . .|
b. O O X X O O X X O O X X O O X X O O|
aX . . . . . . . . . . . . . . . . . .|
 A B C D E F G H I J K L M N O P Q R S|
gracz O
--------------------------------------+
s. . . . . . . . . . . . . . . . . . .|
r. . O . O . X . X . . . . . . . . . .|
q. . . . . . . . . . . . . . . . . . .|
p. X X O O X X O O X X O O X X O O X X|
o. . . . . . . . . . . . . . . . . . .|
n. O O X X O O X X O O X X O O X X O O|
m. . . . . . . . . . . . . . . . . . .|
l. . O . O . X . X . O . O . X . X . .|
k. . . . . . . . . . . . . . . . . . .|
j. X X O O X X O O X X O O X X O O X X|
i. . . . . . . . . . . . . . . . . . .|
h. O O X X O O X X O O X X O O X X O O|
g. . . . . . . . . . . . . . . . . . .|
f. . O . O . X . X . O . O . X . X . .|
e. . . . . . . . . . . . . . . . . . .|
d. X X O O X X O O X X O O X X O O X X|
c. . . . . . . . . . . . . . . . . . .|
b. O O X X O O X X O O X X O O X X O O|
aX . . . . . . . . . . . . . . . . . .|
 A B C D E F G H I J K L M N O P Q R S|
gracz O
--------------------------------------+
s. . . . . . . . . . . . . . . . . . .|
r. . O . O . X . X . O . O . . . . . .|
q. . . . . . . . . . . . . . . . . . .|
p. X X O O X X O O X X O O X X O O X X|
o. . . . . . . . . . . . . . . . . . .|
n. O O X X O O X X O O X X O O X X O O|
m. . . . . . . . . . . . . . . . . . .|
l. . O . O . X . X . O . O . X . X . .|
k. . . . . . . . . . . . . . . . . . .|
j. X X O O X X O O X X O O X X O O X X|
i. . . . . . . . . . . . . . . . . . .|
h. O O X X O O X X O O X X O O X X O O|
g. . . . . . . . . . . . . . . . . . .|
f. . O . O . X . X . O . O . X . X . .|
e. . . . . . . . . . . . . . . . . . .|
d. X X O O X X O O X X O O X X O O X X|
c. . . . . . . . . . . . . . . . . . .|
b. O O X X O O X X O O X X O O X X O O|
aX . . . . . . . . . . . . . . . . . .|
 A B C D E F G H I J K L M N O P Q R S|
gracz X
--------------------------------------+
s. . . . . . . . . . . . . . . . . . .|
r. . O . O . X . X . O . O . . . . . .|
q. . . . . . . . . . . . . . . . . . .|
p. X X O O X X O O X X O O X X O O X X|
o. . . . . . . . . . . . . . . . . . .|
n. O O X X O O X X O O X X O O X X O O|
m. . . . . . . . . . . . . . . . . . .|
l. . O . O . X . X . O . O . X . X . .|
k. . . . . . . . . . . . . . . . . . .|
j. X X O O X X O O X X O O X X O O X X|
i. . . . . . . . . . . . . . . . . . .|
h. O O X X O O X X O O X X O O X X O O|
g. . . . . . . . . . . . . . . . . . .|
f. . O . O . X . X . O . O . X . X . .|
e. . . . . . . . . . . . . . . . . . .|
d. X X O O X X O O X X O O X X O O X X|
c. . . . . . . . . . . . . . . . . . .|
b. O O X X O O X X O O X X O O X X O O|
aX . . . . . . . . . . . . . . . . . .|
 A B C D E F G H I J K L M N O P Q R S|
gracz X
--------------------------------------+
s. . . . . . . . . . . . . . . . . . .|
r. . O . O . X . X . O . O . X . X . .|
q. . . . . . . . . . . . . . . . . . .|
p. X X O O X X O O X X O O X X O O X X|
o. . . . . . . . . . . . . . . . . . .|
n. O O X X O O X X O O X X O O X X O O|
m. . . . . . . . . . . . . . . . . . .|
l. . O . O . X . X . O . O . X . X . .|
k. . . . . . . . . . . . . . . . . . .|
j. X X O O X X O O X X O O X X O O X X|
i. . . . . . . . . . . . . . . . . . .|
h. O O X X O O X X O O X X O O X X O O|
g. . . . . . . . . . . . . . . . . . .|
f. . O . O . X . X . O . O . X . X . .|
e. . . . . . . . . . . . . . . . . . .|
d. X X O O X X O O X X O O X X O O X X|
c. . . . . . . . . . . . . . . . . . .|
b. O O X X O O X X O O X X O O X X O O|
aX . . . . . . . . . . . . . . . . . .|
 A B C D E F G H I J K L M N O P Q R S|
gracz O
--------------------------------------+
s. . . . . . . . . . . . . . . . . . .|
r. . O . O . X . X . O . O . X . X . .|
q. . . . . . . . . . . . . . . . . . .|
p. X X O O X X O O X X O O X X O O X X|
o. . . . . . . . . . . . . . . . . . .|
n. O O X X O O X X O O X X O O X X O O|
m. . . . . . . . . . . . . . . . . . .|
l. . O . O . X . X . O . O . X . X . .|
k. . . . . . . . . . . . . . . . . . .|
j. X X O O X X O O X X O O X X O O X X|
i. . . . . . . . . . . . . . . . . . .|
h. O O X X O O X X O O X X O O X X O O|
g. . . . . . . . . . . . . . . . . . .|
f. . O . O . X . X . O . O . X . X . .|
e. . . . . . . . . . . . . . . . . . .|
d. X X O O X X O O X X O O X X O O X X|
c. . . . . . . . . . . . . . . . . . .|
b. O O X X O O X X O O X X O O X X O O|
aX . . . . . . . . . . . . . . . . . .|
 A B C D E F G H I J K L M N O P Q R S|
gracz O
--------------------------------------+
s. . . . . . . . . . . . . . . . . . .|
r. . O . O . X . X . O . O . X . X . .|
q. . . . . . . . . . . . . . . . . . .|
p. X X O O X X O O X X O O X X O O X X|
o. . . . . . . . . . . . . . . . . . .|
n. O O X X O O X X O O X X O O X X O O|
m. . . . . . . . . . . . . . . . . . .|
l. . O . O . X . X . O . O . X . X . .|
k. . . . . . . . . . . . . . . . . . .|
j. X X O O X X O O X X O O X X O O X X|
i. . . . . . . . . . . . . . . . . . .|
h. O O X X O O X X O O X X O O X X O O|
g. . . . . . . . . . . . . . . . . . .|
f. . O . O . X . X . O . O . X . X . .|
e. . . . . . . . . . . . . . . . . . .|
d. X X O O X X O O X X O O X X O O X X|
c. . . . . . . . . . . . . . . . . . .|
b. O O X X O O X X O O X X O O X X O O|
aX . . . . . . . . . . . . . . . . . .|
 A B C D E F G H I J K L M N O P Q R S|
gracz O
